time: Fri Feb 28 17:49:55 2014
mesh transform not found... set to identity
time: Fri Feb 28 17:51:30 2014
mesh transform not found... set to identity
time: Fri Feb 28 18:29:20 2014
mesh transform not found... set to identity
time: Fri Feb 28 18:32:36 2014
mesh transform not found... set to identity
time: Fri Feb 28 18:32:56 2014
mesh transform not found... set to identity
time: Fri Feb 28 18:35:39 2014
mesh transform not found... set to identity
time: Fri Feb 28 18:39:11 2014
mesh transform not found... set to identity
time: Fri Feb 28 18:39:11 2014
mesh transform not found... set to identity
time: Fri Feb 28 18:39:11 2014
mesh transform not found... set to identity
time: Fri Feb 28 18:39:11 2014
mesh transform not found... set to identity
time: Fri Feb 28 18:39:13 2014
time: Fri Feb 28 18:40:55 2014
exporting mesh: Cone
mesh transform not found... set to identity
time: Fri Feb 28 18:40:55 2014
exporting mesh: Cube
mesh transform not found... set to identity
time: Fri Feb 28 18:40:55 2014
exporting mesh: Grid
mesh transform not found... set to identity
time: Fri Feb 28 18:40:55 2014
exporting mesh: Sphere
mesh transform not found... set to identity
time: Fri Feb 28 18:40:56 2014
exporting mesh: simple2
exporting mesh: Cube
exporting mesh: Cube.001
time: Fri Feb 28 18:46:04 2014
exporting mesh: Cone
rig transform not found... trying based on hierarchy
time: Fri Feb 28 18:46:04 2014
exporting mesh: Cube
rig transform not found... trying based on hierarchy
time: Fri Feb 28 18:46:04 2014
exporting mesh: Grid
rig transform not found... trying based on hierarchy
time: Fri Feb 28 18:46:04 2014
exporting mesh: Sphere
rig transform not found... trying based on hierarchy
time: Fri Feb 28 18:46:05 2014
exporting mesh: simple2
exporting mesh: Cube
exporting mesh: Cube.001
time: Fri Feb 28 18:49:05 2014
exporting mesh: Cone
rig transform not found... trying based on hierarchy
time: Fri Feb 28 18:49:05 2014
exporting mesh: Cube
rig transform not found... trying based on hierarchy
time: Fri Feb 28 18:49:05 2014
exporting mesh: Grid
rig transform not found... trying based on hierarchy
time: Fri Feb 28 18:49:05 2014
exporting mesh: Sphere
rig transform not found... trying based on hierarchy
time: Fri Feb 28 18:49:06 2014
exporting mesh: simple2
exporting mesh: Cube
exporting mesh: Cube.001
time: Fri Feb 28 18:56:42 2014
exporting mesh: Cone
time: Fri Feb 28 18:56:42 2014
exporting mesh: Cube
time: Fri Feb 28 18:56:42 2014
exporting mesh: Grid
time: Fri Feb 28 18:56:42 2014
exporting mesh: Sphere
time: Fri Feb 28 18:56:43 2014
exporting mesh: simple2
exporting mesh: Cube
exporting mesh: Cube.001
mesh transform not found... set to identity matrix
time: Fri Feb 28 22:30:30 2014
exporting mesh: 
mesh transform not found... set to identity matrix
time: Fri Feb 28 22:33:32 2014
exporting mesh: Rabbit
time: Fri Feb 28 22:34:32 2014
exporting mesh: Rabbit
time: Fri Feb 28 23:05:07 2014
exporting mesh: Rabbit
time: Fri Feb 28 23:12:05 2014
exporting mesh: Cone
time: Fri Feb 28 23:12:05 2014
exporting mesh: Cube
time: Fri Feb 28 23:12:05 2014
exporting mesh: Grid
time: Fri Feb 28 23:12:05 2014
exporting mesh: Sphere
time: Fri Feb 28 23:12:06 2014
exporting mesh: simple2
exporting mesh: Cube
exporting mesh: Cube.001
mesh transform not found... set to identity matrix
time: Fri Feb 28 23:12:06 2014
exporting mesh: Rabbit
