time: Fri Feb 28 17:49:51 2014
time: Fri Feb 28 17:51:26 2014
time: Fri Feb 28 17:54:45 2014
time: Fri Feb 28 17:56:48 2014
time: Fri Feb 28 18:40:43 2014
exporting mesh: simple2
exporting mesh: Cube
exporting mesh: Cube.001
time: Fri Feb 28 18:45:58 2014
exporting mesh: simple2
exporting mesh: Cube
exporting mesh: Cube.001
time: Fri Feb 28 18:56:38 2014
exporting mesh: simple2
exporting mesh: Cube
exporting mesh: Cube.001
mesh transform not found... set to identity matrix
time: Fri Feb 28 19:29:38 2014
exporting mesh: simple2
exporting mesh: Cube
exporting mesh: Cube.001
mesh transform not found... set to identity matrix
time: Fri Feb 28 19:32:27 2014
exporting mesh: simple2
exporting mesh: Cube
exporting mesh: Cube.001
mesh transform not found... set to identity matrix
time: Sun Mar 02 17:39:14 2014
exporting mesh: simple2
exporting mesh: Cube
exporting mesh: Cube.001
time: Mon Mar 03 19:34:13 2014
exporting mesh: simple2
exporting mesh: Cube
exporting mesh: Cube.001
time: Mon Mar 03 19:43:52 2014
exporting mesh: simple2
exporting mesh: Cube
exporting mesh: Cube.001
time: Mon Mar 03 19:56:07 2014
exporting mesh: simple2
exporting mesh: Cube
exporting mesh: Cube.001
time: Mon Mar 03 19:57:18 2014
exporting mesh: simple2
exporting mesh: Cube
exporting mesh: Cube.001
time: Mon Mar 03 20:22:40 2014
exporting mesh: simple2
exporting mesh: Cube
exporting mesh: Cube.001
time: Mon Mar 03 20:24:46 2014
exporting mesh: simple2
exporting mesh: Cube
exporting mesh: Cube.001
time: Mon Mar 03 20:25:53 2014
exporting mesh: simple2
exporting mesh: Cube
exporting mesh: Cube.001
time: Mon Mar 03 20:26:12 2014
exporting mesh: simple2
exporting mesh: Cube
exporting mesh: Cube.001
time: Mon Mar 03 20:26:25 2014
exporting mesh: simple2
exporting mesh: Cube
exporting mesh: Cube.001
time: Mon Mar 03 20:27:12 2014
exporting mesh: simple2
exporting mesh: Cube
exporting mesh: Cube.001
time: Mon Mar 03 20:27:32 2014
exporting mesh: simple2
exporting mesh: Cube
exporting mesh: Cube.001
time: Mon Mar 03 20:29:41 2014
exporting mesh: simple2
exporting mesh: Cube
exporting mesh: Cube.001
